#
# There is insufficient memory for the Java Runtime Environment to continue.
# Native memory allocation (malloc) failed to allocate 922416 bytes for Chunk::new
# Possible reasons:
#   The system is out of physical RAM or swap space
#   The process is running with CompressedOops enabled, and the Java Heap may be blocking the growth of the native heap
# Possible solutions:
#   Reduce memory load on the system
#   Increase physical memory or swap space
#   Check if swap backing store is full
#   Decrease Java heap size (-Xmx/-Xms)
#   Decrease number of Java threads
#   Decrease Java thread stack sizes (-Xss)
#   Set larger code cache with -XX:ReservedCodeCacheSize=
#   JVM is running with Unscaled Compressed Oops mode in which the Java heap is
#     placed in the first 4GB address space. The Java Heap base address is the
#     maximum limit for the native heap growth. Please use -XX:HeapBaseMinAddress
#     to set the Java Heap base and to place the Java Heap above 4GB virtual address.
# This output file may be truncated or incomplete.
#
#  Out of Memory Error (arena.cpp:189), pid=11620, tid=7420
#
# JRE version: OpenJDK Runtime Environment (17.0.7) (build 17.0.7+0-b2043.56-10550314)
# Java VM: OpenJDK 64-Bit Server VM (17.0.7+0-b2043.56-10550314, mixed mode, tiered, compressed oops, compressed class ptrs, g1 gc, windows-amd64)
# No core dump will be written. Minidumps are not enabled by default on client versions of Windows
#

---------------  S U M M A R Y ------------

Command Line: org.jetbrains.kotlin.cli.jvm.K2JVMCompiler @C:\Mocom3\app\build\20240623_11152388165422164562.compiler.options

Host: Intel(R) Celeron(R) N4000 CPU @ 1.10GHz, 2 cores, 3G,  Windows 11 , 64 bit Build 22621 (10.0.22621.3672)
Time: Sun Jun 23 05:01:08 2024 SE Asia Standard Time elapsed time: 8.597531 seconds (0d 0h 0m 8s)

---------------  T H R E A D  ---------------

Current thread (0x000002cd760d9d00):  JavaThread "C2 CompilerThread0" daemon [_thread_in_native, id=7420, stack(0x000000d4e9800000,0x000000d4e9900000)]


Current CompileTask:
C2:   8597 3276       4       org.jetbrains.org.objectweb.asm.ClassReader::readElementValue (1237 bytes)

Stack: [0x000000d4e9800000,0x000000d4e9900000]
Native frames: (J=compiled Java code, j=interpreted, Vv=VM code, C=native code)
V  [jvm.dll+0x683bfa]
V  [jvm.dll+0x8430a4]
V  [jvm.dll+0x8449be]
V  [jvm.dll+0x845023]
V  [jvm.dll+0x24ad2f]
V  [jvm.dll+0xac25c]
V  [jvm.dll+0xac82c]
V  [jvm.dll+0x36a132]
V  [jvm.dll+0x334821]
V  [jvm.dll+0x333cca]
V  [jvm.dll+0x21d251]
V  [jvm.dll+0x21c671]
V  [jvm.dll+0x1a605d]
V  [jvm.dll+0x22c148]
V  [jvm.dll+0x22a209]
V  [jvm.dll+0x7f858c]
V  [jvm.dll+0x7f2aea]
V  [jvm.dll+0x682a35]
C  [ucrtbase.dll+0x29333]
C  [KERNEL32.DLL+0x1257d]
C  [ntdll.dll+0x5af28]


---------------  P R O C E S S  ---------------

Threads class SMR info:
_java_thread_list=0x000002cd76463600, length=12, elements={
0x000002cd6e76e4b0, 0x000002cd76070fc0, 0x000002cd76071d40, 0x000002cd760bca10,
0x000002cd760c37b0, 0x000002cd760c4070, 0x000002cd760d9440, 0x000002cd760d9d00,
0x000002cd760dfbc0, 0x000002cd760eacc0, 0x000002cd7649b150, 0x000002cd764a1e50
}

Java Threads: ( => current thread )
  0x000002cd6e76e4b0 JavaThread "main" [_thread_in_Java, id=9968, stack(0x000000d4e8b00000,0x000000d4e8c00000)]
  0x000002cd76070fc0 JavaThread "Reference Handler" daemon [_thread_blocked, id=4248, stack(0x000000d4e9200000,0x000000d4e9300000)]
  0x000002cd76071d40 JavaThread "Finalizer" daemon [_thread_blocked, id=6232, stack(0x000000d4e9300000,0x000000d4e9400000)]
  0x000002cd760bca10 JavaThread "Signal Dispatcher" daemon [_thread_blocked, id=11168, stack(0x000000d4e9400000,0x000000d4e9500000)]
  0x000002cd760c37b0 JavaThread "Attach Listener" daemon [_thread_blocked, id=11136, stack(0x000000d4e9500000,0x000000d4e9600000)]
  0x000002cd760c4070 JavaThread "Service Thread" daemon [_thread_blocked, id=9832, stack(0x000000d4e9600000,0x000000d4e9700000)]
  0x000002cd760d9440 JavaThread "Monitor Deflation Thread" daemon [_thread_blocked, id=12968, stack(0x000000d4e9700000,0x000000d4e9800000)]
=>0x000002cd760d9d00 JavaThread "C2 CompilerThread0" daemon [_thread_in_native, id=7420, stack(0x000000d4e9800000,0x000000d4e9900000)]
  0x000002cd760dfbc0 JavaThread "C1 CompilerThread0" daemon [_thread_blocked, id=11324, stack(0x000000d4e9900000,0x000000d4e9a00000)]
  0x000002cd760eacc0 JavaThread "Sweeper thread" daemon [_thread_blocked, id=12232, stack(0x000000d4e9a00000,0x000000d4e9b00000)]
  0x000002cd7649b150 JavaThread "Notification Thread" daemon [_thread_blocked, id=11772, stack(0x000000d4e9b00000,0x000000d4e9c00000)]
  0x000002cd764a1e50 JavaThread "Common-Cleaner" daemon [_thread_blocked, id=2152, stack(0x000000d4e9d00000,0x000000d4e9e00000)]

Other Threads:
  0x000002cd6e8281a0 VMThread "VM Thread" [stack: 0x000000d4e9100000,0x000000d4e9200000] [id=9720]
  0x000002cd76407790 WatcherThread [stack: 0x000000d4e9c00000,0x000000d4e9d00000] [id=9964]
  0x000002cd6e7ab510 GCTaskThread "GC Thread#0" [stack: 0x000000d4e8c00000,0x000000d4e8d00000] [id=7416]
  0x000002cd7667d0e0 GCTaskThread "GC Thread#1" [stack: 0x000000d4e9e00000,0x000000d4e9f00000] [id=3772]
  0x000002cd6e7b3de0 ConcurrentGCThread "G1 Main Marker" [stack: 0x000000d4e8d00000,0x000000d4e8e00000] [id=4304]
  0x000002cd6e7b4ea0 ConcurrentGCThread "G1 Conc#0" [stack: 0x000000d4e8e00000,0x000000d4e8f00000] [id=10596]
  0x000002cd6e7eb610 ConcurrentGCThread "G1 Refine#0" [stack: 0x000000d4e8f00000,0x000000d4e9000000] [id=7124]
  0x000002cd7b27f2b0 ConcurrentGCThread "G1 Refine#1" [stack: 0x000000d4e9f00000,0x000000d4ea000000] [id=7840]
  0x000002cd6e7ebf40 ConcurrentGCThread "G1 Service" [stack: 0x000000d4e9000000,0x000000d4e9100000] [id=11844]

Threads with active compile tasks:
C2 CompilerThread0     8661 3276       4       org.jetbrains.org.objectweb.asm.ClassReader::readElementValue (1237 bytes)

VM state: not at safepoint (normal execution)

VM Mutex/Monitor currently owned by a thread: None

Heap address: 0x00000000c2c00000, size: 980 MB, Compressed Oops mode: 32-bit

CDS archive(s) not mapped
Compressed class space mapped at: 0x0000000100000000-0x0000000140000000, reserved size: 1073741824
Narrow klass base: 0x0000000000000000, Narrow klass shift: 3, Narrow klass range: 0x140000000

GC Precious Log:
 CPUs: 2 total, 2 available
 Memory: 3919M
 Large Page Support: Disabled
 NUMA Support: Disabled
 Compressed Oops: Enabled (32-bit)
 Heap Region Size: 1M
 Heap Min Capacity: 8M
 Heap Initial Capacity: 62M
 Heap Max Capacity: 980M
 Pre-touch: Disabled
 Parallel Workers: 2
 Concurrent Workers: 1
 Concurrent Refinement Workers: 2
 Periodic GC: Disabled

Heap:
 garbage-first heap   total 71680K, used 38350K [0x00000000c2c00000, 0x0000000100000000)
  region size 1024K, 13 young (13312K), 1 survivors (1024K)
 Metaspace       used 44181K, committed 44416K, reserved 1114112K
  class space    used 5276K, committed 5376K, reserved 1048576K

Heap Regions: E=young(eden), S=young(survivor), O=old, HS=humongous(starts), HC=humongous(continues), CS=collection set, F=free, OA=open archive, CA=closed archive, TAMS=top-at-mark-start (previous, next)
|   0|0x00000000c2c00000, 0x00000000c2d00000, 0x00000000c2d00000|100%|HS|  |TAMS 0x00000000c2d00000, 0x00000000c2c00000| Complete 
|   1|0x00000000c2d00000, 0x00000000c2e00000, 0x00000000c2e00000|100%|HC|  |TAMS 0x00000000c2e00000, 0x00000000c2d00000| Complete 
|   2|0x00000000c2e00000, 0x00000000c2f00000, 0x00000000c2f00000|100%|HC|  |TAMS 0x00000000c2f00000, 0x00000000c2e00000| Complete 
|   3|0x00000000c2f00000, 0x00000000c3000000, 0x00000000c3000000|100%|HC|  |TAMS 0x00000000c3000000, 0x00000000c2f00000| Complete 
|   4|0x00000000c3000000, 0x00000000c3100000, 0x00000000c3100000|100%| O|  |TAMS 0x00000000c3100000, 0x00000000c3000000| Untracked 
|   5|0x00000000c3100000, 0x00000000c3200000, 0x00000000c3200000|100%| O|  |TAMS 0x00000000c3200000, 0x00000000c3100000| Untracked 
|   6|0x00000000c3200000, 0x00000000c3300000, 0x00000000c3300000|100%| O|  |TAMS 0x00000000c3300000, 0x00000000c3200000| Untracked 
|   7|0x00000000c3300000, 0x00000000c3400000, 0x00000000c3400000|100%| O|  |TAMS 0x00000000c3300000, 0x00000000c3300000| Untracked 
|   8|0x00000000c3400000, 0x00000000c3500000, 0x00000000c3500000|100%| O|  |TAMS 0x00000000c3400000, 0x00000000c3400000| Untracked 
|   9|0x00000000c3500000, 0x00000000c3600000, 0x00000000c3600000|100%| O|  |TAMS 0x00000000c3600000, 0x00000000c3500000| Untracked 
|  10|0x00000000c3600000, 0x00000000c3700000, 0x00000000c3700000|100%| O|  |TAMS 0x00000000c3700000, 0x00000000c3600000| Untracked 
|  11|0x00000000c3700000, 0x00000000c3800000, 0x00000000c3800000|100%| O|  |TAMS 0x00000000c3800000, 0x00000000c3700000| Untracked 
|  12|0x00000000c3800000, 0x00000000c3900000, 0x00000000c3900000|100%| O|  |TAMS 0x00000000c3800000, 0x00000000c3800000| Untracked 
|  13|0x00000000c3900000, 0x00000000c3a00000, 0x00000000c3a00000|100%| O|  |TAMS 0x00000000c3900000, 0x00000000c3900000| Untracked 
|  14|0x00000000c3a00000, 0x00000000c3b00000, 0x00000000c3b00000|100%| O|  |TAMS 0x00000000c3b00000, 0x00000000c3a00000| Untracked 
|  15|0x00000000c3b00000, 0x00000000c3c00000, 0x00000000c3c00000|100%| O|  |TAMS 0x00000000c3c00000, 0x00000000c3b00000| Untracked 
|  16|0x00000000c3c00000, 0x00000000c3d00000, 0x00000000c3d00000|100%| O|  |TAMS 0x00000000c3d00000, 0x00000000c3c00000| Untracked 
|  17|0x00000000c3d00000, 0x00000000c3e00000, 0x00000000c3e00000|100%| O|  |TAMS 0x00000000c3e00000, 0x00000000c3d00000| Untracked 
|  18|0x00000000c3e00000, 0x00000000c3e53c00, 0x00000000c3f00000| 32%| O|  |TAMS 0x00000000c3e00000, 0x00000000c3e00000| Untracked 
|  19|0x00000000c3f00000, 0x00000000c4000000, 0x00000000c4000000|100%|HS|  |TAMS 0x00000000c3f00000, 0x00000000c3f00000| Complete 
|  20|0x00000000c4000000, 0x00000000c4100000, 0x00000000c4100000|100%|HC|  |TAMS 0x00000000c4000000, 0x00000000c4000000| Complete 
|  21|0x00000000c4100000, 0x00000000c4200000, 0x00000000c4200000|100%| O|  |TAMS 0x00000000c4100000, 0x00000000c4100000| Untracked 
|  22|0x00000000c4200000, 0x00000000c4300000, 0x00000000c4300000|100%| O|  |TAMS 0x00000000c4200000, 0x00000000c4200000| Untracked 
|  23|0x00000000c4300000, 0x00000000c4400000, 0x00000000c4400000|100%| O|  |TAMS 0x00000000c4300000, 0x00000000c4300000| Untracked 
|  24|0x00000000c4400000, 0x00000000c4500000, 0x00000000c4500000|100%| O|  |TAMS 0x00000000c4400000, 0x00000000c4400000| Untracked 
|  25|0x00000000c4500000, 0x00000000c4600000, 0x00000000c4600000|100%| O|  |TAMS 0x00000000c4500000, 0x00000000c4500000| Untracked 
|  26|0x00000000c4600000, 0x00000000c461fe00, 0x00000000c4700000| 12%| O|  |TAMS 0x00000000c4600000, 0x00000000c4600000| Untracked 
|  27|0x00000000c4700000, 0x00000000c4700000, 0x00000000c4800000|  0%| F|  |TAMS 0x00000000c4700000, 0x00000000c4700000| Untracked 
|  28|0x00000000c4800000, 0x00000000c4800000, 0x00000000c4900000|  0%| F|  |TAMS 0x00000000c4800000, 0x00000000c4800000| Untracked 
|  29|0x00000000c4900000, 0x00000000c4900000, 0x00000000c4a00000|  0%| F|  |TAMS 0x00000000c4900000, 0x00000000c4900000| Untracked 
|  30|0x00000000c4a00000, 0x00000000c4a00000, 0x00000000c4b00000|  0%| F|  |TAMS 0x00000000c4a00000, 0x00000000c4a00000| Untracked 
|  31|0x00000000c4b00000, 0x00000000c4b00000, 0x00000000c4c00000|  0%| F|  |TAMS 0x00000000c4b00000, 0x00000000c4b00000| Untracked 
|  32|0x00000000c4c00000, 0x00000000c4c00000, 0x00000000c4d00000|  0%| F|  |TAMS 0x00000000c4c00000, 0x00000000c4c00000| Untracked 
|  33|0x00000000c4d00000, 0x00000000c4d00000, 0x00000000c4e00000|  0%| F|  |TAMS 0x00000000c4d00000, 0x00000000c4d00000| Untracked 
|  34|0x00000000c4e00000, 0x00000000c4e00000, 0x00000000c4f00000|  0%| F|  |TAMS 0x00000000c4e00000, 0x00000000c4e00000| Untracked 
|  35|0x00000000c4f00000, 0x00000000c4f00000, 0x00000000c5000000|  0%| F|  |TAMS 0x00000000c4f00000, 0x00000000c4f00000| Untracked 
|  36|0x00000000c5000000, 0x00000000c5000000, 0x00000000c5100000|  0%| F|  |TAMS 0x00000000c5000000, 0x00000000c5000000| Untracked 
|  37|0x00000000c5100000, 0x00000000c5100000, 0x00000000c5200000|  0%| F|  |TAMS 0x00000000c5100000, 0x00000000c5100000| Untracked 
|  38|0x00000000c5200000, 0x00000000c5200000, 0x00000000c5300000|  0%| F|  |TAMS 0x00000000c5200000, 0x00000000c5200000| Untracked 
|  39|0x00000000c5300000, 0x00000000c5300000, 0x00000000c5400000|  0%| F|  |TAMS 0x00000000c5300000, 0x00000000c5300000| Untracked 
|  40|0x00000000c5400000, 0x00000000c5400000, 0x00000000c5500000|  0%| F|  |TAMS 0x00000000c5400000, 0x00000000c5400000| Untracked 
|  41|0x00000000c5500000, 0x00000000c5500000, 0x00000000c5600000|  0%| F|  |TAMS 0x00000000c5500000, 0x00000000c5500000| Untracked 
|  42|0x00000000c5600000, 0x00000000c5700000, 0x00000000c5700000|100%| S|CS|TAMS 0x00000000c5600000, 0x00000000c5600000| Complete 
|  43|0x00000000c5700000, 0x00000000c5700000, 0x00000000c5800000|  0%| F|  |TAMS 0x00000000c5700000, 0x00000000c5700000| Untracked 
|  44|0x00000000c5800000, 0x00000000c5800000, 0x00000000c5900000|  0%| F|  |TAMS 0x00000000c5800000, 0x00000000c5800000| Untracked 
|  45|0x00000000c5900000, 0x00000000c5900000, 0x00000000c5a00000|  0%| F|  |TAMS 0x00000000c5900000, 0x00000000c5900000| Untracked 
|  46|0x00000000c5a00000, 0x00000000c5a00000, 0x00000000c5b00000|  0%| F|  |TAMS 0x00000000c5a00000, 0x00000000c5a00000| Untracked 
|  47|0x00000000c5b00000, 0x00000000c5b00000, 0x00000000c5c00000|  0%| F|  |TAMS 0x00000000c5b00000, 0x00000000c5b00000| Untracked 
|  48|0x00000000c5c00000, 0x00000000c5c00000, 0x00000000c5d00000|  0%| F|  |TAMS 0x00000000c5c00000, 0x00000000c5c00000| Untracked 
|  49|0x00000000c5d00000, 0x00000000c5d00000, 0x00000000c5e00000|  0%| F|  |TAMS 0x00000000c5d00000, 0x00000000c5d00000| Untracked 
|  50|0x00000000c5e00000, 0x00000000c5e00000, 0x00000000c5f00000|  0%| F|  |TAMS 0x00000000c5e00000, 0x00000000c5e00000| Untracked 
|  51|0x00000000c5f00000, 0x00000000c5f00000, 0x00000000c6000000|  0%| F|  |TAMS 0x00000000c5f00000, 0x00000000c5f00000| Untracked 
|  52|0x00000000c6000000, 0x00000000c6000000, 0x00000000c6100000|  0%| F|  |TAMS 0x00000000c6000000, 0x00000000c6000000| Untracked 
|  53|0x00000000c6100000, 0x00000000c6100000, 0x00000000c6200000|  0%| F|  |TAMS 0x00000000c6100000, 0x00000000c6100000| Untracked 
|  54|0x00000000c6200000, 0x00000000c6200000, 0x00000000c6300000|  0%| F|  |TAMS 0x00000000c6200000, 0x00000000c6200000| Untracked 
|  55|0x00000000c6300000, 0x00000000c6300000, 0x00000000c6400000|  0%| F|  |TAMS 0x00000000c6300000, 0x00000000c6300000| Untracked 
|  56|0x00000000c6400000, 0x00000000c6400000, 0x00000000c6500000|  0%| F|  |TAMS 0x00000000c6400000, 0x00000000c6400000| Untracked 
|  57|0x00000000c6500000, 0x00000000c6500000, 0x00000000c6600000|  0%| F|  |TAMS 0x00000000c6500000, 0x00000000c6500000| Untracked 
|  58|0x00000000c6600000, 0x00000000c6600800, 0x00000000c6700000|  0%| E|  |TAMS 0x00000000c6600000, 0x00000000c6600000| Complete 
|  59|0x00000000c6700000, 0x00000000c6800000, 0x00000000c6800000|100%| E|CS|TAMS 0x00000000c6700000, 0x00000000c6700000| Complete 
|  60|0x00000000c6800000, 0x00000000c6900000, 0x00000000c6900000|100%| E|CS|TAMS 0x00000000c6800000, 0x00000000c6800000| Complete 
|  61|0x00000000c6900000, 0x00000000c6a00000, 0x00000000c6a00000|100%| E|CS|TAMS 0x00000000c6900000, 0x00000000c6900000| Complete 
|  62|0x00000000c6a00000, 0x00000000c6b00000, 0x00000000c6b00000|100%| E|CS|TAMS 0x00000000c6a00000, 0x00000000c6a00000| Complete 
|  63|0x00000000c6b00000, 0x00000000c6c00000, 0x00000000c6c00000|100%| E|CS|TAMS 0x00000000c6b00000, 0x00000000c6b00000| Complete 
|  64|0x00000000c6c00000, 0x00000000c6d00000, 0x00000000c6d00000|100%| E|CS|TAMS 0x00000000c6c00000, 0x00000000c6c00000| Complete 
|  65|0x00000000c6d00000, 0x00000000c6e00000, 0x00000000c6e00000|100%| E|CS|TAMS 0x00000000c6d00000, 0x00000000c6d00000| Complete 
|  66|0x00000000c6e00000, 0x00000000c6f00000, 0x00000000c6f00000|100%| E|CS|TAMS 0x00000000c6e00000, 0x00000000c6e00000| Complete 
|  67|0x00000000c6f00000, 0x00000000c7000000, 0x00000000c7000000|100%| E|CS|TAMS 0x00000000c6f00000, 0x00000000c6f00000| Complete 
|  68|0x00000000c7000000, 0x00000000c7100000, 0x00000000c7100000|100%| E|CS|TAMS 0x00000000c7000000, 0x00000000c7000000| Complete 
|  69|0x00000000c7100000, 0x00000000c7200000, 0x00000000c7200000|100%| E|CS|TAMS 0x00000000c7100000, 0x00000000c7100000| Complete 

Card table byte_map: [0x000002cd6e520000,0x000002cd6e710000] _byte_map_base: 0x000002cd6df0a000

Marking Bits (Prev, Next): (CMBitMap*) 0x000002cd6e7aba30, (CMBitMap*) 0x000002cd6e7aba70
 Prev Bits: [0x000002cd71e30000, 0x000002cd72d80000)
 Next Bits: [0x000002cd72d80000, 0x000002cd73cd0000)

Polling page: 0x000002cd6c6a0000

Metaspace:

Usage:
  Non-class:     37.99 MB used.
      Class:      5.15 MB used.
       Both:     43.15 MB used.

Virtual space:
  Non-class space:       64.00 MB reserved,      38.12 MB ( 60%) committed,  1 nodes.
      Class space:        1.00 GB reserved,       5.25 MB ( <1%) committed,  1 nodes.
             Both:        1.06 GB reserved,      43.38 MB (  4%) committed. 

Chunk freelists:
   Non-Class:  9.22 MB
       Class:  10.72 MB
        Both:  19.94 MB

MaxMetaspaceSize: unlimited
CompressedClassSpaceSize: 1.00 GB
Initial GC threshold: 21.00 MB
Current GC threshold: 58.88 MB
CDS: off
MetaspaceReclaimPolicy: balanced
 - commit_granule_bytes: 65536.
 - commit_granule_words: 8192.
 - virtual_space_node_default_size: 8388608.
 - enlarge_chunks_in_place: 1.
 - new_chunks_are_fully_committed: 0.
 - uncommit_free_chunks: 1.
 - use_allocation_guard: 0.
 - handle_deallocations: 1.


Internal statistics:

num_allocs_failed_limit: 6.
num_arena_births: 150.
num_arena_deaths: 0.
num_vsnodes_births: 2.
num_vsnodes_deaths: 0.
num_space_committed: 692.
num_space_uncommitted: 0.
num_chunks_returned_to_freelist: 6.
num_chunks_taken_from_freelist: 1389.
num_chunk_merges: 6.
num_chunk_splits: 1160.
num_chunks_enlarged: 1058.
num_inconsistent_stats: 0.

CodeHeap 'non-profiled nmethods': size=120064Kb used=1340Kb max_used=1340Kb free=118723Kb
 bounds [0x000002cd07ac0000, 0x000002cd07d30000, 0x000002cd0f000000]
CodeHeap 'profiled nmethods': size=120000Kb used=6750Kb max_used=6750Kb free=113249Kb
 bounds [0x000002cd00000000, 0x000002cd006a0000, 0x000002cd07530000]
CodeHeap 'non-nmethods': size=5696Kb used=1256Kb max_used=1313Kb free=4439Kb
 bounds [0x000002cd07530000, 0x000002cd077a0000, 0x000002cd07ac0000]
 total_blobs=3815 nmethods=3250 adapters=478
 compilation: enabled
              stopped_count=0, restarted_count=0
 full_count=0

Compilation events (20 events):
Event: 8.387 Thread 0x000002cd760dfbc0 nmethod 3267 0x000002cd00694f10 code [0x000002cd006950a0, 0x000002cd00695278]
Event: 8.387 Thread 0x000002cd760dfbc0 3268       1       org.jetbrains.kotlin.resolve.CompilerDeserializationConfiguration::getAllowUnstableDependencies (5 bytes)
Event: 8.387 Thread 0x000002cd760dfbc0 nmethod 3268 0x000002cd07c0b890 code [0x000002cd07c0ba20, 0x000002cd07c0baf8]
Event: 8.390 Thread 0x000002cd760d9d00 3269       4       gnu.trove.TObjectHash::insertionIndex (273 bytes)
Event: 8.463 Thread 0x000002cd760d9d00 nmethod 3269 0x000002cd07c0bb90 code [0x000002cd07c0be20, 0x000002cd07c0d6b0]
Event: 8.468 Thread 0x000002cd760dfbc0 3270       3       java.lang.invoke.Invokers$Holder::linkToTargetMethod (11 bytes)
Event: 8.468 Thread 0x000002cd760dfbc0 nmethod 3270 0x000002cd00695310 code [0x000002cd006954c0, 0x000002cd006958d8]
Event: 8.468 Thread 0x000002cd760dfbc0 3271       3       java.lang.invoke.DirectMethodHandle$Holder::newInvokeSpecial (28 bytes)
Event: 8.468 Thread 0x000002cd760dfbc0 nmethod 3271 0x000002cd00695990 code [0x000002cd00695b80, 0x000002cd006962e8]
Event: 8.470 Thread 0x000002cd760d9d00 3272       4       java.lang.String::startsWith (138 bytes)
Event: 8.483 Thread 0x000002cd760d9d00 nmethod 3272 0x000002cd07c0e210 code [0x000002cd07c0e3a0, 0x000002cd07c0e7d8]
Event: 8.485 Thread 0x000002cd760dfbc0 3273       3       gnu.trove.THashMap::setUp (30 bytes)
Event: 8.486 Thread 0x000002cd760dfbc0 nmethod 3273 0x000002cd00696490 code [0x000002cd006966a0, 0x000002cd00696e58]
Event: 8.486 Thread 0x000002cd760d9d00 3274       4       java.lang.String::subSequence (7 bytes)
Event: 8.493 Thread 0x000002cd760d9d00 nmethod 3274 0x000002cd07c0ea10 code [0x000002cd07c0ebc0, 0x000002cd07c0f048]
Event: 8.496 Thread 0x000002cd760dfbc0 3275       3       kotlin.sequences.SequencesKt___SequencesKt$filterNotNull$1::invoke (6 bytes)
Event: 8.496 Thread 0x000002cd760dfbc0 nmethod 3275 0x000002cd00697090 code [0x000002cd00697240, 0x000002cd006974d8]
Event: 8.497 Thread 0x000002cd760d9d00 3276       4       org.jetbrains.org.objectweb.asm.ClassReader::readElementValue (1237 bytes)
Event: 8.543 Thread 0x000002cd760dfbc0 3277       3       org.jetbrains.kotlin.storage.LockBasedStorageManager$KeyWithComputation::hashCode (8 bytes)
Event: 8.543 Thread 0x000002cd760dfbc0 nmethod 3277 0x000002cd00697610 code [0x000002cd006977c0, 0x000002cd00697988]

GC Heap History (20 events):
Event: 1.414 GC heap before
{Heap before GC invocations=2 (full 0):
 garbage-first heap   total 63488K, used 17522K [0x00000000c2c00000, 0x0000000100000000)
  region size 1024K, 13 young (13312K), 1 survivors (1024K)
 Metaspace       used 14568K, committed 14720K, reserved 1114112K
  class space    used 1441K, committed 1536K, reserved 1048576K
}
Event: 1.418 GC heap after
{Heap after GC invocations=3 (full 0):
 garbage-first heap   total 63488K, used 6904K [0x00000000c2c00000, 0x0000000100000000)
  region size 1024K, 2 young (2048K), 2 survivors (2048K)
 Metaspace       used 14568K, committed 14720K, reserved 1114112K
  class space    used 1441K, committed 1536K, reserved 1048576K
}
Event: 2.154 GC heap before
{Heap before GC invocations=3 (full 0):
 garbage-first heap   total 63488K, used 26360K [0x00000000c2c00000, 0x0000000100000000)
  region size 1024K, 22 young (22528K), 2 survivors (2048K)
 Metaspace       used 21309K, committed 21504K, reserved 1114112K
  class space    used 2395K, committed 2496K, reserved 1048576K
}
Event: 2.161 GC heap after
{Heap after GC invocations=4 (full 0):
 garbage-first heap   total 63488K, used 7841K [0x00000000c2c00000, 0x0000000100000000)
  region size 1024K, 3 young (3072K), 3 survivors (3072K)
 Metaspace       used 21309K, committed 21504K, reserved 1114112K
  class space    used 2395K, committed 2496K, reserved 1048576K
}
Event: 2.757 GC heap before
{Heap before GC invocations=5 (full 0):
 garbage-first heap   total 34816K, used 27297K [0x00000000c2c00000, 0x0000000100000000)
  region size 1024K, 20 young (20480K), 3 survivors (3072K)
 Metaspace       used 22937K, committed 23168K, reserved 1114112K
  class space    used 2776K, committed 2880K, reserved 1048576K
}
Event: 2.778 GC heap after
{Heap after GC invocations=6 (full 0):
 garbage-first heap   total 34816K, used 13600K [0x00000000c2c00000, 0x0000000100000000)
  region size 1024K, 3 young (3072K), 3 survivors (3072K)
 Metaspace       used 22937K, committed 23168K, reserved 1114112K
  class space    used 2776K, committed 2880K, reserved 1048576K
}
Event: 2.789 GC heap before
{Heap before GC invocations=6 (full 0):
 garbage-first heap   total 34816K, used 14624K [0x00000000c2c00000, 0x0000000100000000)
  region size 1024K, 4 young (4096K), 3 survivors (3072K)
 Metaspace       used 22937K, committed 23168K, reserved 1114112K
  class space    used 2776K, committed 2880K, reserved 1048576K
}
Event: 2.799 GC heap after
{Heap after GC invocations=7 (full 0):
 garbage-first heap   total 34816K, used 14403K [0x00000000c2c00000, 0x0000000100000000)
  region size 1024K, 1 young (1024K), 1 survivors (1024K)
 Metaspace       used 22937K, committed 23168K, reserved 1114112K
  class space    used 2776K, committed 2880K, reserved 1048576K
}
Event: 3.198 GC heap before
{Heap before GC invocations=7 (full 0):
 garbage-first heap   total 34816K, used 22595K [0x00000000c2c00000, 0x0000000100000000)
  region size 1024K, 10 young (10240K), 1 survivors (1024K)
 Metaspace       used 24668K, committed 24896K, reserved 1114112K
  class space    used 3179K, committed 3264K, reserved 1048576K
}
Event: 3.207 GC heap after
{Heap after GC invocations=8 (full 0):
 garbage-first heap   total 34816K, used 16384K [0x00000000c2c00000, 0x0000000100000000)
  region size 1024K, 2 young (2048K), 2 survivors (2048K)
 Metaspace       used 24668K, committed 24896K, reserved 1114112K
  class space    used 3179K, committed 3264K, reserved 1048576K
}
Event: 3.602 GC heap before
{Heap before GC invocations=8 (full 0):
 garbage-first heap   total 34816K, used 23552K [0x00000000c2c00000, 0x0000000100000000)
  region size 1024K, 10 young (10240K), 2 survivors (2048K)
 Metaspace       used 27382K, committed 27584K, reserved 1114112K
  class space    used 3490K, committed 3584K, reserved 1048576K
}
Event: 3.613 GC heap after
{Heap after GC invocations=9 (full 0):
 garbage-first heap   total 71680K, used 17045K [0x00000000c2c00000, 0x0000000100000000)
  region size 1024K, 1 young (1024K), 1 survivors (1024K)
 Metaspace       used 27382K, committed 27584K, reserved 1114112K
  class space    used 3490K, committed 3584K, reserved 1048576K
}
Event: 5.109 GC heap before
{Heap before GC invocations=9 (full 0):
 garbage-first heap   total 71680K, used 50837K [0x00000000c2c00000, 0x0000000100000000)
  region size 1024K, 34 young (34816K), 1 survivors (1024K)
 Metaspace       used 34108K, committed 34304K, reserved 1114112K
  class space    used 4125K, committed 4224K, reserved 1048576K
}
Event: 5.126 GC heap after
{Heap after GC invocations=10 (full 0):
 garbage-first heap   total 71680K, used 18858K [0x00000000c2c00000, 0x0000000100000000)
  region size 1024K, 5 young (5120K), 5 survivors (5120K)
 Metaspace       used 34108K, committed 34304K, reserved 1114112K
  class space    used 4125K, committed 4224K, reserved 1048576K
}
Event: 5.521 GC heap before
{Heap before GC invocations=10 (full 0):
 garbage-first heap   total 71680K, used 28074K [0x00000000c2c00000, 0x0000000100000000)
  region size 1024K, 15 young (15360K), 5 survivors (5120K)
 Metaspace       used 35830K, committed 35968K, reserved 1114112K
  class space    used 4322K, committed 4416K, reserved 1048576K
}
Event: 5.533 GC heap after
{Heap after GC invocations=11 (full 0):
 garbage-first heap   total 71680K, used 19456K [0x00000000c2c00000, 0x0000000100000000)
  region size 1024K, 1 young (1024K), 1 survivors (1024K)
 Metaspace       used 35830K, committed 35968K, reserved 1114112K
  class space    used 4322K, committed 4416K, reserved 1048576K
}
Event: 7.216 GC heap before
{Heap before GC invocations=12 (full 0):
 garbage-first heap   total 71680K, used 54272K [0x00000000c2c00000, 0x0000000100000000)
  region size 1024K, 32 young (32768K), 1 survivors (1024K)
 Metaspace       used 42163K, committed 42432K, reserved 1114112K
  class space    used 5051K, committed 5184K, reserved 1048576K
}
Event: 7.228 GC heap after
{Heap after GC invocations=13 (full 0):
 garbage-first heap   total 71680K, used 25896K [0x00000000c2c00000, 0x0000000100000000)
  region size 1024K, 4 young (4096K), 4 survivors (4096K)
 Metaspace       used 42163K, committed 42432K, reserved 1114112K
  class space    used 5051K, committed 5184K, reserved 1048576K
}
Event: 7.594 GC heap before
{Heap before GC invocations=13 (full 0):
 garbage-first heap   total 71680K, used 53544K [0x00000000c2c00000, 0x0000000100000000)
  region size 1024K, 31 young (31744K), 4 survivors (4096K)
 Metaspace       used 42494K, committed 42688K, reserved 1114112K
  class space    used 5080K, committed 5184K, reserved 1048576K
}
Event: 7.604 GC heap after
{Heap after GC invocations=14 (full 0):
 garbage-first heap   total 71680K, used 27086K [0x00000000c2c00000, 0x0000000100000000)
  region size 1024K, 1 young (1024K), 1 survivors (1024K)
 Metaspace       used 42494K, committed 42688K, reserved 1114112K
  class space    used 5080K, committed 5184K, reserved 1048576K
}

Dll operation events (2 events):
Event: 0.018 Loaded shared library C:\Program Files\Android\Android Studio\jbr\bin\java.dll
Event: 1.883 Loaded shared library C:\Program Files\Android\Android Studio\jbr\bin\verify.dll

Deoptimization events (20 events):
Event: 7.808 Thread 0x000002cd6e76e4b0 Uncommon trap: trap_request=0xffffff45 fr.pc=0x000002cd07ba8c78 relative=0x0000000000000078
Event: 7.808 Thread 0x000002cd6e76e4b0 Uncommon trap: reason=unstable_if action=reinterpret pc=0x000002cd07ba8c78 method=org.jetbrains.kotlin.parsing.AbstractKotlinParsing.tokenMatches(Lorg/jetbrains/kotlin/com/intellij/psi/tree/IElementType;Lorg/jetbrains/kotlin/com/intellij/psi/tree/IElement
Event: 7.808 Thread 0x000002cd6e76e4b0 DEOPT PACKING pc=0x000002cd07ba8c78 sp=0x000000d4e8bfbf50
Event: 7.808 Thread 0x000002cd6e76e4b0 DEOPT UNPACKING pc=0x000002cd0758699d sp=0x000000d4e8bfbed0 mode 2
Event: 7.819 Thread 0x000002cd6e76e4b0 Uncommon trap: trap_request=0xffffffc6 fr.pc=0x000002cd07bd84d0 relative=0x00000000000007d0
Event: 7.819 Thread 0x000002cd6e76e4b0 Uncommon trap: reason=bimorphic_or_optimized_type_check action=maybe_recompile pc=0x000002cd07bd84d0 method=java.util.HashMap.putVal(ILjava/lang/Object;Ljava/lang/Object;ZZ)Ljava/lang/Object; @ 91 c2
Event: 7.819 Thread 0x000002cd6e76e4b0 DEOPT PACKING pc=0x000002cd07bd84d0 sp=0x000000d4e8bfd8d0
Event: 7.819 Thread 0x000002cd6e76e4b0 DEOPT UNPACKING pc=0x000002cd0758699d sp=0x000000d4e8bfd860 mode 2
Event: 7.819 Thread 0x000002cd6e76e4b0 Uncommon trap: trap_request=0xffffffc6 fr.pc=0x000002cd07bd84d0 relative=0x00000000000007d0
Event: 7.819 Thread 0x000002cd6e76e4b0 Uncommon trap: reason=bimorphic_or_optimized_type_check action=maybe_recompile pc=0x000002cd07bd84d0 method=java.util.HashMap.putVal(ILjava/lang/Object;Ljava/lang/Object;ZZ)Ljava/lang/Object; @ 91 c2
Event: 7.819 Thread 0x000002cd6e76e4b0 DEOPT PACKING pc=0x000002cd07bd84d0 sp=0x000000d4e8bfd8d0
Event: 7.819 Thread 0x000002cd6e76e4b0 DEOPT UNPACKING pc=0x000002cd0758699d sp=0x000000d4e8bfd860 mode 2
Event: 7.967 Thread 0x000002cd6e76e4b0 Uncommon trap: trap_request=0xffffff45 fr.pc=0x000002cd07beb688 relative=0x0000000000007a88
Event: 7.967 Thread 0x000002cd6e76e4b0 Uncommon trap: reason=unstable_if action=reinterpret pc=0x000002cd07beb688 method=org.jetbrains.org.objectweb.asm.ClassReader.readMethod(Lorg/jetbrains/org/objectweb/asm/ClassVisitor;Lorg/jetbrains/org/objectweb/asm/Context;I)I @ 316 c2
Event: 7.967 Thread 0x000002cd6e76e4b0 DEOPT PACKING pc=0x000002cd07beb688 sp=0x000000d4e8bfb3a0
Event: 7.967 Thread 0x000002cd6e76e4b0 DEOPT UNPACKING pc=0x000002cd0758699d sp=0x000000d4e8bfb398 mode 2
Event: 8.062 Thread 0x000002cd6e76e4b0 Uncommon trap: trap_request=0xffffffc6 fr.pc=0x000002cd07b555d4 relative=0x0000000000000514
Event: 8.062 Thread 0x000002cd6e76e4b0 Uncommon trap: reason=bimorphic_or_optimized_type_check action=maybe_recompile pc=0x000002cd07b555d4 method=java.util.HashMap.getNode(Ljava/lang/Object;)Ljava/util/HashMap$Node; @ 128 c2
Event: 8.062 Thread 0x000002cd6e76e4b0 DEOPT PACKING pc=0x000002cd07b555d4 sp=0x000000d4e8bfd1a0
Event: 8.062 Thread 0x000002cd6e76e4b0 DEOPT UNPACKING pc=0x000002cd0758699d sp=0x000000d4e8bfd0b8 mode 2

Classes unloaded (0 events):
No events

Classes redefined (0 events):
No events

Internal exceptions (20 events):
Event: 1.501 Thread 0x000002cd6e76e4b0 Exception <a 'java/lang/NoSuchMethodError'{0x00000000c6636a88}: 'int java.lang.invoke.DelegatingMethodHandle$Holder.reinvoke_L(java.lang.Object, java.lang.Object, java.lang.Object, long, java.lang.Object, java.lang.Object)'> (0x00000000c6636a88) 
thrown [s\src\hotspot\share\interpreter\linkResolver.cpp, line 771]
Event: 1.503 Thread 0x000002cd6e76e4b0 Exception <a 'java/lang/NoSuchMethodError'{0x00000000c6645618}: 'int java.lang.invoke.DelegatingMethodHandle$Holder.reinvoke_L(java.lang.Object, java.lang.Object, java.lang.Object, long, int, int)'> (0x00000000c6645618) 
thrown [s\src\hotspot\share\interpreter\linkResolver.cpp, line 771]
Event: 1.507 Thread 0x000002cd6e76e4b0 Exception <a 'java/lang/NoSuchMethodError'{0x00000000c6654078}: 'int java.lang.invoke.DelegatingMethodHandle$Holder.reinvoke_L(java.lang.Object, java.lang.Object, java.lang.Object, long, long, long)'> (0x00000000c6654078) 
thrown [s\src\hotspot\share\interpreter\linkResolver.cpp, line 771]
Event: 1.510 Thread 0x000002cd6e76e4b0 Exception <a 'java/lang/NoSuchMethodError'{0x00000000c6662690}: 'int java.lang.invoke.DelegatingMethodHandle$Holder.reinvoke_L(java.lang.Object, java.lang.Object, java.lang.Object, long, int)'> (0x00000000c6662690) 
thrown [s\src\hotspot\share\interpreter\linkResolver.cpp, line 771]
Event: 1.534 Thread 0x000002cd6e76e4b0 Exception <a 'java/lang/NoSuchMethodError'{0x00000000c650acd0}: 'int java.lang.invoke.DirectMethodHandle$Holder.invokeStaticInit(java.lang.Object, java.lang.Object, java.lang.Object)'> (0x00000000c650acd0) 
thrown [s\src\hotspot\share\interpreter\linkResolver.cpp, line 771]
Event: 1.548 Thread 0x000002cd6e76e4b0 Exception <a 'java/lang/NoSuchMethodError'{0x00000000c6533be8}: 'int java.lang.invoke.DirectMethodHandle$Holder.invokeStaticInit(java.lang.Object, java.lang.Object)'> (0x00000000c6533be8) 
thrown [s\src\hotspot\share\interpreter\linkResolver.cpp, line 771]
Event: 1.580 Thread 0x000002cd6e76e4b0 Exception <a 'java/lang/NoSuchMethodError'{0x00000000c6414200}: 'void java.lang.invoke.DirectMethodHandle$Holder.invokeSpecial(java.lang.Object, java.lang.Object, java.lang.Object)'> (0x00000000c6414200) 
thrown [s\src\hotspot\share\interpreter\linkResolver.cpp, line 771]
Event: 1.702 Thread 0x000002cd6e76e4b0 Exception <a 'java/lang/NoSuchMethodError'{0x00000000c6137ad0}: 'void java.lang.invoke.DirectMethodHandle$Holder.invokeStatic(java.lang.Object, java.lang.Object, java.lang.Object, java.lang.Object)'> (0x00000000c6137ad0) 
thrown [s\src\hotspot\share\interpreter\linkResolver.cpp, line 771]
Event: 1.817 Thread 0x000002cd6e76e4b0 Exception <a 'java/lang/NoSuchMethodError'{0x00000000c5efdf38}: 'void java.lang.invoke.DirectMethodHandle$Holder.invokeStaticInit(java.lang.Object, java.lang.Object)'> (0x00000000c5efdf38) 
thrown [s\src\hotspot\share\interpreter\linkResolver.cpp, line 771]
Event: 1.994 Thread 0x000002cd6e76e4b0 Exception <a 'java/lang/NoSuchMethodError'{0x00000000c57bfc18}: 'void java.lang.invoke.DirectMethodHandle$Holder.invokeVirtual(java.lang.Object, java.lang.Object)'> (0x00000000c57bfc18) 
thrown [s\src\hotspot\share\interpreter\linkResolver.cpp, line 771]
Event: 2.011 Thread 0x000002cd6e76e4b0 Exception <a 'java/lang/NoSuchMethodError'{0x00000000c5639c70}: 'int java.lang.invoke.DirectMethodHandle$Holder.invokeVirtual(java.lang.Object, java.lang.Object)'> (0x00000000c5639c70) 
thrown [s\src\hotspot\share\interpreter\linkResolver.cpp, line 771]
Event: 2.047 Thread 0x000002cd6e76e4b0 Exception <a 'java/lang/NoSuchMethodError'{0x00000000c56f4338}: 'java.lang.Object java.lang.invoke.Invokers$Holder.invokeExact_MT(java.lang.Object, java.lang.Object, java.lang.Object, java.lang.Object, java.lang.Object, java.lang.Object)'> (0x00000000c56f4338) 
thrown [s\src\hotspot\share\interpreter\linkResolver.cpp, line 771]
Event: 3.283 Thread 0x000002cd6e76e4b0 Implicit null exception at 0x000002cd07ae3172 to 0x000002cd07ae3684
Event: 3.701 Thread 0x000002cd6e76e4b0 Implicit null exception at 0x000002cd07ae42f2 to 0x000002cd07ae4818
Event: 3.883 Thread 0x000002cd6e76e4b0 Exception <a 'java/lang/NoSuchMethodError'{0x00000000c6ee9758}: 'java.lang.Object java.lang.invoke.DirectMethodHandle$Holder.invokeVirtual(java.lang.Object, java.lang.Object, java.lang.Object)'> (0x00000000c6ee9758) 
thrown [s\src\hotspot\share\interpreter\linkResolver.cpp, line 771]
Event: 5.700 Thread 0x000002cd6e76e4b0 Exception <a 'java/lang/NoSuchMethodError'{0x00000000c6ff7280}: 'java.lang.Object java.lang.invoke.DirectMethodHandle$Holder.newInvokeSpecial(java.lang.Object, java.lang.Object, int)'> (0x00000000c6ff7280) 
thrown [s\src\hotspot\share\interpreter\linkResolver.cpp, line 771]
Event: 5.799 Thread 0x000002cd6e76e4b0 Implicit null exception at 0x000002cd07b9a4d3 to 0x000002cd07b9a5d4
Event: 6.000 Thread 0x000002cd6e76e4b0 Exception <a 'java/lang/NoSuchMethodError'{0x00000000c6b840b8}: 'java.lang.Object java.lang.invoke.DirectMethodHandle$Holder.newInvokeSpecial(java.lang.Object, java.lang.Object, java.lang.Object, int)'> (0x00000000c6b840b8) 
thrown [s\src\hotspot\share\interpreter\linkResolver.cpp, line 771]
Event: 6.002 Thread 0x000002cd6e76e4b0 Exception <a 'java/lang/NoSuchMethodError'{0x00000000c6b88740}: 'java.lang.Object java.lang.invoke.DirectMethodHandle$Holder.invokeSpecial(java.lang.Object, java.lang.Object, java.lang.Object, java.lang.Object, int)'> (0x00000000c6b88740) 
thrown [s\src\hotspot\share\interpreter\linkResolver.cpp, line 771]
Event: 6.002 Thread 0x000002cd6e76e4b0 Exception <a 'java/lang/NoSuchMethodError'{0x00000000c6b8c5b0}: 'java.lang.Object java.lang.invoke.Invokers$Holder.linkToTargetMethod(java.lang.Object, java.lang.Object, int, java.lang.Object)'> (0x00000000c6b8c5b0) 
thrown [s\src\hotspot\share\interpreter\linkResolver.cpp, line 771]

VM Operations (20 events):
Event: 6.706 Executing VM operation: HandshakeAllThreads
Event: 6.706 Executing VM operation: HandshakeAllThreads done
Event: 6.706 Executing VM operation: Cleanup
Event: 6.716 Executing VM operation: Cleanup done
Event: 6.748 Executing VM operation: HandshakeAllThreads
Event: 6.748 Executing VM operation: HandshakeAllThreads done
Event: 6.900 Executing VM operation: HandshakeAllThreads
Event: 6.900 Executing VM operation: HandshakeAllThreads done
Event: 7.152 Executing VM operation: ICBufferFull
Event: 7.153 Executing VM operation: ICBufferFull done
Event: 7.215 Executing VM operation: G1CollectForAllocation
Event: 7.228 Executing VM operation: G1CollectForAllocation done
Event: 7.467 Executing VM operation: HandshakeAllThreads
Event: 7.467 Executing VM operation: HandshakeAllThreads done
Event: 7.594 Executing VM operation: G1CollectForAllocation
Event: 7.605 Executing VM operation: G1CollectForAllocation done
Event: 7.964 Executing VM operation: HandshakeAllThreads
Event: 7.964 Executing VM operation: HandshakeAllThreads done
Event: 7.976 Executing VM operation: HandshakeAllThreads
Event: 7.976 Executing VM operation: HandshakeAllThreads done

Events (20 events):
Event: 7.713 loading class java/util/stream/ReduceOps$3
Event: 7.713 loading class java/util/stream/ReduceOps$ReduceOp
Event: 7.713 loading class java/util/stream/ReduceOps$ReduceOp done
Event: 7.713 loading class java/util/stream/ReduceOps$3 done
Event: 7.713 loading class java/util/stream/ReduceOps$3ReducingSink
Event: 7.714 loading class java/util/stream/ReduceOps$AccumulatingSink
Event: 7.714 loading class java/util/stream/ReduceOps$AccumulatingSink done
Event: 7.714 loading class java/util/stream/ReduceOps$Box
Event: 7.714 loading class java/util/stream/ReduceOps$Box done
Event: 7.714 loading class java/util/stream/ReduceOps$3ReducingSink done
Event: 7.714 loading class java/util/stream/ReferencePipeline$2$1
Event: 7.715 loading class java/util/stream/ReferencePipeline$2$1 done
Event: 7.715 loading class java/util/stream/IntPipeline$1$1
Event: 7.715 loading class java/util/stream/Sink$ChainedInt
Event: 7.715 loading class java/util/stream/Sink$OfInt
Event: 7.715 loading class java/util/function/IntConsumer
Event: 7.715 loading class java/util/function/IntConsumer done
Event: 7.715 loading class java/util/stream/Sink$OfInt done
Event: 7.715 loading class java/util/stream/Sink$ChainedInt done
Event: 7.715 loading class java/util/stream/IntPipeline$1$1 done


Dynamic libraries:
0x00007ff773590000 - 0x00007ff77359a000 	C:\Program Files\Android\Android Studio\jbr\bin\java.exe
0x00007ffe480f0000 - 0x00007ffe48307000 	C:\WINDOWS\SYSTEM32\ntdll.dll
0x00007ffe46d50000 - 0x00007ffe46e14000 	C:\WINDOWS\System32\KERNEL32.DLL
0x00007ffe45420000 - 0x00007ffe457cc000 	C:\WINDOWS\System32\KERNELBASE.dll
0x00007ffe45b80000 - 0x00007ffe45c91000 	C:\WINDOWS\System32\ucrtbase.dll
0x00007ffe16ff0000 - 0x00007ffe1700b000 	C:\Program Files\Android\Android Studio\jbr\bin\VCRUNTIME140.dll
0x00007ffe2b180000 - 0x00007ffe2b197000 	C:\Program Files\Android\Android Studio\jbr\bin\jli.dll
0x00007ffe45f40000 - 0x00007ffe460ee000 	C:\WINDOWS\System32\USER32.dll
0x00007ffe45ab0000 - 0x00007ffe45ad6000 	C:\WINDOWS\System32\win32u.dll
0x00007ffe460f0000 - 0x00007ffe46119000 	C:\WINDOWS\System32\GDI32.dll
0x00007ffe45ca0000 - 0x00007ffe45db9000 	C:\WINDOWS\System32\gdi32full.dll
0x00007ffe45ae0000 - 0x00007ffe45b7a000 	C:\WINDOWS\System32\msvcp_win.dll
0x00007ffe33e70000 - 0x00007ffe34103000 	C:\WINDOWS\WinSxS\amd64_microsoft.windows.common-controls_6595b64144ccf1df_6.0.22621.3672_none_2713b9d173822955\COMCTL32.dll
0x00007ffe46e20000 - 0x00007ffe46ec7000 	C:\WINDOWS\System32\msvcrt.dll
0x00007ffe47b40000 - 0x00007ffe47b71000 	C:\WINDOWS\System32\IMM32.DLL
0x00007ffe33090000 - 0x00007ffe3309c000 	C:\Program Files\Android\Android Studio\jbr\bin\vcruntime140_1.dll
0x00007ffe0b490000 - 0x00007ffe0b51d000 	C:\Program Files\Android\Android Studio\jbr\bin\msvcp140.dll
0x00007ffdcc080000 - 0x00007ffdccd00000 	C:\Program Files\Android\Android Studio\jbr\bin\server\jvm.dll
0x00007ffe46560000 - 0x00007ffe46612000 	C:\WINDOWS\System32\ADVAPI32.dll
0x00007ffe46b20000 - 0x00007ffe46bca000 	C:\WINDOWS\System32\sechost.dll
0x00007ffe45940000 - 0x00007ffe45968000 	C:\WINDOWS\System32\bcrypt.dll
0x00007ffe46120000 - 0x00007ffe46235000 	C:\WINDOWS\System32\RPCRT4.dll
0x00007ffdcc070000 - 0x00007ffdcc079000 	C:\WINDOWS\SYSTEM32\WSOCK32.dll
0x00007ffe479b0000 - 0x00007ffe47a21000 	C:\WINDOWS\System32\WS2_32.dll
0x00007ffe38570000 - 0x00007ffe385a4000 	C:\WINDOWS\SYSTEM32\WINMM.dll
0x00007ffe313d0000 - 0x00007ffe313da000 	C:\WINDOWS\SYSTEM32\VERSION.dll
0x00007ffe44410000 - 0x00007ffe44428000 	C:\WINDOWS\SYSTEM32\kernel.appcore.dll
0x00007ffdcc030000 - 0x00007ffdcc03a000 	C:\Program Files\Android\Android Studio\jbr\bin\jimage.dll
0x00007ffe42d50000 - 0x00007ffe42f82000 	C:\WINDOWS\SYSTEM32\DBGHELP.DLL
0x00007ffe46680000 - 0x00007ffe46a08000 	C:\WINDOWS\System32\combase.dll
0x00007ffe46240000 - 0x00007ffe46317000 	C:\WINDOWS\System32\OLEAUT32.dll
0x00007ffe195c0000 - 0x00007ffe195f2000 	C:\WINDOWS\SYSTEM32\dbgcore.DLL
0x00007ffe45970000 - 0x00007ffe459eb000 	C:\WINDOWS\System32\bcryptPrimitives.dll
0x00007ffdcc000000 - 0x00007ffdcc025000 	C:\Program Files\Android\Android Studio\jbr\bin\java.dll
0x00007ffdcbfe0000 - 0x00007ffdcbff8000 	C:\Program Files\Android\Android Studio\jbr\bin\zip.dll
0x00007ffe47150000 - 0x00007ffe479ac000 	C:\WINDOWS\System32\SHELL32.dll
0x00007ffe43320000 - 0x00007ffe43c17000 	C:\WINDOWS\SYSTEM32\windows.storage.dll
0x00007ffe431e0000 - 0x00007ffe4331f000 	C:\WINDOWS\SYSTEM32\wintypes.dll
0x00007ffe46a20000 - 0x00007ffe46b14000 	C:\WINDOWS\System32\SHCORE.dll
0x00007ffe46620000 - 0x00007ffe4667e000 	C:\WINDOWS\System32\shlwapi.dll
0x00007ffe45350000 - 0x00007ffe45371000 	C:\WINDOWS\SYSTEM32\profapi.dll
0x00007ffdcbfc0000 - 0x00007ffdcbfd9000 	C:\Program Files\Android\Android Studio\jbr\bin\net.dll
0x00007ffe38350000 - 0x00007ffe38486000 	C:\WINDOWS\SYSTEM32\WINHTTP.dll
0x00007ffe44880000 - 0x00007ffe448e9000 	C:\WINDOWS\system32\mswsock.dll
0x00007ffdcbfa0000 - 0x00007ffdcbfb6000 	C:\Program Files\Android\Android Studio\jbr\bin\nio.dll
0x00007ffe2b210000 - 0x00007ffe2b220000 	C:\Program Files\Android\Android Studio\jbr\bin\verify.dll

dbghelp: loaded successfully - version: 4.0.5 - missing functions: none
symbol engine: initialized successfully - sym options: 0x614 - pdb path: .;C:\Program Files\Android\Android Studio\jbr\bin;C:\WINDOWS\SYSTEM32;C:\WINDOWS\WinSxS\amd64_microsoft.windows.common-controls_6595b64144ccf1df_6.0.22621.3672_none_2713b9d173822955;C:\Program Files\Android\Android Studio\jbr\bin\server

VM Arguments:
java_command: org.jetbrains.kotlin.cli.jvm.K2JVMCompiler @C:\Mocom3\app\build\20240623_11152388165422164562.compiler.options
java_class_path (initial): C:\Users\ALEXIS\.gradle\caches\modules-2\files-2.1\org.jetbrains.kotlin\kotlin-compiler-embeddable\1.9.22\9cd4dc7773cf2a99ecd961a88fbbc9a2da3fb5e1\kotlin-compiler-embeddable-1.9.22.jar;C:\Users\ALEXIS\.gradle\caches\modules-2\files-2.1\org.jetbrains.kotlin\kotlin-stdlib\1.9.22\d6c44cd08d8f3f9bece8101216dbe6553365c6e3\kotlin-stdlib-1.9.22.jar;C:\Users\ALEXIS\.gradle\caches\modules-2\files-2.1\org.jetbrains.kotlin\kotlin-script-runtime\1.9.22\f8139a46fc677ec9badc49ae954392f4f5e7e7c7\kotlin-script-runtime-1.9.22.jar;C:\Users\ALEXIS\.gradle\caches\modules-2\files-2.1\org.jetbrains.kotlin\kotlin-reflect\1.6.10\1cbe9c92c12a94eea200d23c2bbaedaf3daf5132\kotlin-reflect-1.6.10.jar;C:\Users\ALEXIS\.gradle\caches\modules-2\files-2.1\org.jetbrains.kotlin\kotlin-daemon-embeddable\1.9.22\20e2c5df715f3240c765cfc222530e2796542021\kotlin-daemon-embeddable-1.9.22.jar;C:\Users\ALEXIS\.gradle\caches\modules-2\files-2.1\org.jetbrains.intellij.deps\trove4j\1.0.20200330\3afb14d5f9ceb459d724e907a21145e8ff394f02\trove4j-1.0.20200330.jar;C:\Users\ALEXIS\.gradle\caches\modules-2\files-2.1\org.jetbrains\annotations\13.0\919f0dfe192fb4e063e7dacadee7f8bb9a2672a9\annotations-13.0.jar
Launcher Type: SUN_STANDARD

[Global flags]
     intx CICompilerCount                          = 2                                         {product} {ergonomic}
     uint ConcGCThreads                            = 1                                         {product} {ergonomic}
     uint G1ConcRefinementThreads                  = 2                                         {product} {ergonomic}
   size_t G1HeapRegionSize                         = 1048576                                   {product} {ergonomic}
    uintx GCDrainStackTargetSize                   = 64                                        {product} {ergonomic}
   size_t InitialHeapSize                          = 65011712                                  {product} {ergonomic}
   size_t MarkStackSize                            = 4194304                                   {product} {ergonomic}
   size_t MaxHeapSize                              = 1027604480                                {product} {ergonomic}
   size_t MaxNewSize                               = 616562688                                 {product} {ergonomic}
   size_t MinHeapDeltaBytes                        = 1048576                                   {product} {ergonomic}
   size_t MinHeapSize                              = 8388608                                   {product} {ergonomic}
    uintx NonNMethodCodeHeapSize                   = 5826188                                {pd product} {ergonomic}
    uintx NonProfiledCodeHeapSize                  = 122916026                              {pd product} {ergonomic}
    uintx ProfiledCodeHeapSize                     = 122916026                              {pd product} {ergonomic}
    uintx ReservedCodeCacheSize                    = 251658240                              {pd product} {ergonomic}
     bool SegmentedCodeCache                       = true                                      {product} {ergonomic}
   size_t SoftMaxHeapSize                          = 1027604480                             {manageable} {ergonomic}
     bool UseCompressedClassPointers               = true                           {product lp64_product} {ergonomic}
     bool UseCompressedOops                        = true                           {product lp64_product} {ergonomic}
     bool UseG1GC                                  = true                                      {product} {ergonomic}
     bool UseLargePagesIndividualAllocation        = false                                  {pd product} {ergonomic}

Logging:
Log output configuration:
 #0: stdout all=warning uptime,level,tags
 #1: stderr all=off uptime,level,tags

Environment Variables:
PATH=C:\Program Files\Common Files\Oracle\Java\javapath;C:\Program Files (x86)\Intel\TXE Components\iCLS\;C:\Program Files\Intel\TXE Components\iCLS\;C:\WINDOWS\system32;C:\WINDOWS;C:\WINDOWS\System32\Wbem;C:\WINDOWS\System32\WindowsPowerShell\v1.0\;C:\WINDOWS\System32\OpenSSH\;C:\Program Files\Intel\TXE Components\DAL\;C:\Program Files (x86)\Intel\TXE Components\DAL\;C:\Program Files\Intel\TXE Components\IPT\;C:\Program Files (x86)\Intel\TXE Components\IPT\;C:\Program Files\apache-maven-3.9.2\bin;C:\Program Files\nodejs\;C:\Program Files\Git\cmd;C:\Program Files\MySQL\MySQL Shell 8.0\bin\;C:\Users\ALEXIS\AppData\Local\Microsoft\WindowsApps;C:\Users\ALEXIS\AppData\Local\Programs\Microsoft VS Code\bin;C:\Users\ALEXIS\AppData\Roaming\npm
USERNAME=ALEXIS
OS=Windows_NT
PROCESSOR_IDENTIFIER=Intel64 Family 6 Model 122 Stepping 1, GenuineIntel
TMP=C:\Users\ALEXIS\AppData\Local\Temp
TEMP=C:\Users\ALEXIS\AppData\Local\Temp


JNI global refs:
JNI global refs: 7, weak refs: 0

JNI global refs memory usage: 843, weak refs: 841

OOME stack traces (most recent first):
Classloader memory used:
Loader jdk.internal.loader.ClassLoaders$AppClassLoader                                 : 4239K
Loader bootstrap                                                                       : 1278K
Loader jdk.internal.reflect.DelegatingClassLoader                                      : 4349B


---------------  S Y S T E M  ---------------

OS:
 Windows 11 , 64 bit Build 22621 (10.0.22621.3672)
OS uptime: 0 days 16:02 hours
Hyper-V role detected

CPU: total 2 (initial active 2) (2 cores per cpu, 1 threads per core) family 6 model 122 stepping 1 microcode 0x34, cx8, cmov, fxsr, mmx, 3dnowpref, sse, sse2, sse3, ssse3, sse4.1, sse4.2, popcnt, tsc, tscinvbit, aes, erms, clmul, sha, clflush, clflushopt, hv

Memory: 4k page, system-wide physical 3919M (299M free)
TotalPageFile size 9280M (AvailPageFile size 4M)
current process WorkingSet (physical memory assigned to process): 188M, peak: 190M
current process commit charge ("private bytes"): 214M, peak: 219M

vm_info: OpenJDK 64-Bit Server VM (17.0.7+0-b2043.56-10550314) for windows-amd64 JRE (17.0.7+0-b2043.56-10550314), built on Jul 24 2023 18:27:45 by "androidbuild" with MS VC++ 16.10 / 16.11 (VS2019)

END.
